0 info it worked if it ends with ok
1 verbose cli [ 'C:\\Program Files\\nodejs\\node.exe',
1 verbose cli   'C:\\Program Files\\nodejs\\node_modules\\npm\\bin\\npm-cli.js',
1 verbose cli   'publish' ]
2 info using npm@3.10.10
3 info using node@v6.9.5
4 verbose publish [ '.' ]
5 silly cache add args [ '.', null ]
6 verbose cache add spec .
7 silly cache add parsed spec Result {
7 silly cache add   raw: '.',
7 silly cache add   scope: null,
7 silly cache add   escapedName: null,
7 silly cache add   name: null,
7 silly cache add   rawSpec: '.',
7 silly cache add   spec: 'C:\\generator-ionic-1-ndjathe',
7 silly cache add   type: 'directory' }
8 verbose addLocalDirectory C:\Users\NDJATHE Franklin\AppData\Roaming\npm-cache\generator-ionic-1-ndjathe\1.0.0\package.tgz not in flight; packing
9 verbose correctMkdir C:\Users\NDJATHE Franklin\AppData\Roaming\npm-cache correctMkdir not in flight; initializing
10 info lifecycle generator-ionic-1-ndjathe@1.0.0~prepublish: generator-ionic-1-ndjathe@1.0.0
11 verbose lifecycle generator-ionic-1-ndjathe@1.0.0~prepublish: unsafe-perm in lifecycle true
12 verbose lifecycle generator-ionic-1-ndjathe@1.0.0~prepublish: PATH: C:\Program Files\nodejs\node_modules\npm\bin\node-gyp-bin;C:\generator-ionic-1-ndjathe\node_modules\.bin;C:\Users\NDJATHE Franklin\bin;C:\Program Files (x86)\Git\mingw32\bin;C:\Program Files (x86)\Git\usr\local\bin;C:\Program Files (x86)\Git\usr\bin;C:\Program Files (x86)\Git\usr\bin;C:\Program Files (x86)\Git\mingw32\bin;C:\Program Files (x86)\Git\usr\bin;C:\Users\NDJATHE Franklin\bin;C:\ProgramData\Oracle\Java\javapath;C:\WINDOWS\system32;C:\WINDOWS;C:\WINDOWS\System32\Wbem;C:\WINDOWS\System32\WindowsPowerShell\v1.0;C:\Program Files (x86)\GtkSharp\2.12\bin;C:\wamp\bin\php\php5.5.12\ext;C:\wamp\bin\php\php5.5.12;C:\ProgramData\ComposerSetup\bin;C:\Program Files\Git\cmd;C:\Program Files (x86)\Heroku\bin;C:\Program Files (x86)\git\cmd;C:\Program Files (x86)\Git\cmd;C:\Program Files (x86)\PuTTY;C:\Android\sdk\tools;C:\Android\sdk\platform-tools;C:\Program Files\nodejs;C:\Program Files\Cloud Foundry;C:\Ruby23-x64\bin;C:\ProgramData\Oracle\Java\javapath;C:\WINDOWS\system32;C:\WINDOWS;C:\WINDOWS\System32\Wbem;C:\WINDOWS\System32\WindowsPowerShell\v1.0;C:\Program Files (x86)\GtkSharp\2.12\bin;C:\wamp\bin\php\php5.5.12\ext;C:\wamp\bin\php\php5.5.12;C:\ProgramData\ComposerSetup\bin;C:\Program Files\nodejs;C:\Program Files\Git\cmd;C:\Program Files (x86)\Heroku\bin;C:\Program Files (x86)\git\cmd;C:\Program Files (x86)\Git\cmd;C:\Program Files (x86)\PuTTY;C:\Ruby22-x64\bin;C:\Users\NDJATHE Franklin\AppData\Local\Programs\Python\Python35-32\Scripts;C:\Users\NDJATHE Franklin\AppData\Local\Programs\Python\Python35-32;C:\mongodb\3.2\bin;C:\Users\NDJATHE Franklin\AppData\Local\Microsoft\WindowsApps;C:\Program Files (x86)\Nmap;C:\Users\NDJATHE Franklin\AppData\Roaming\npm;C:\Program Files (x86)\Git\usr\bin\vendor_perl;C:\Program Files (x86)\Git\usr\bin\core_perl
13 verbose lifecycle generator-ionic-1-ndjathe@1.0.0~prepublish: CWD: C:\generator-ionic-1-ndjathe
14 silly lifecycle generator-ionic-1-ndjathe@1.0.0~prepublish: Args: [ '/d /s /c', 'gulp prepublish' ]
15 silly lifecycle generator-ionic-1-ndjathe@1.0.0~prepublish: Returned: code: 0  signal: null
16 verbose tar pack [ 'C:\\Users\\NDJATHE Franklin\\AppData\\Roaming\\npm-cache\\generator-ionic-1-ndjathe\\1.0.0\\package.tgz',
16 verbose tar pack   'C:\\generator-ionic-1-ndjathe' ]
17 verbose tarball C:\Users\NDJATHE Franklin\AppData\Roaming\npm-cache\generator-ionic-1-ndjathe\1.0.0\package.tgz
18 verbose folder C:\generator-ionic-1-ndjathe
19 verbose addLocalTarball adding from inside cache C:\Users\NDJATHE Franklin\AppData\Roaming\npm-cache\generator-ionic-1-ndjathe\1.0.0\package.tgz
20 verbose correctMkdir C:\Users\NDJATHE Franklin\AppData\Roaming\npm-cache correctMkdir not in flight; initializing
21 silly cache afterAdd generator-ionic-1-ndjathe@1.0.0
22 verbose afterAdd C:\Users\NDJATHE Franklin\AppData\Roaming\npm-cache\generator-ionic-1-ndjathe\1.0.0\package\package.json not in flight; writing
23 verbose correctMkdir C:\Users\NDJATHE Franklin\AppData\Roaming\npm-cache correctMkdir not in flight; initializing
24 verbose afterAdd C:\Users\NDJATHE Franklin\AppData\Roaming\npm-cache\generator-ionic-1-ndjathe\1.0.0\package\package.json written
25 silly publish { name: 'generator-ionic-1-ndjathe',
25 silly publish   version: '1.0.0',
25 silly publish   description: 'Side menu app base template',
25 silly publish   homepage: 'https://github.com/ndjathe-master/generator-ionic-1-ndjathe#readme',
25 silly publish   author:
25 silly publish    { name: 'NDJATHE NDJATHE Franklin Wilfried',
25 silly publish      email: 'ndjathe.fwnn@gmail.com',
25 silly publish      url: 'https://ndjathe.wordpress.com' },
25 silly publish   files: [ 'generators' ],
25 silly publish   main: 'generators/index.js',
25 silly publish   keywords: [ 'ionic', 'yeoman-generator', 'sidemenu', 'v1', '1', 'ndjathe' ],
25 silly publish   dependencies:
25 silly publish    { 'yeoman-generator': '^1.0.0',
25 silly publish      chalk: '^1.1.3',
25 silly publish      yosay: '^1.2.1' },
25 silly publish   devDependencies:
25 silly publish    { 'yeoman-test': '^1.6.0',
25 silly publish      'yeoman-assert': '^2.2.1',
25 silly publish      eslint: '^3.1.1',
25 silly publish      'eslint-config-xo-space': '^0.15.0',
25 silly publish      gulp: '^3.9.0',
25 silly publish      'gulp-eslint': '^3.0.1',
25 silly publish      'gulp-exclude-gitignore': '^1.0.0',
25 silly publish      'gulp-line-ending-corrector': '^1.0.1',
25 silly publish      'gulp-istanbul': '^1.0.0',
25 silly publish      'gulp-mocha': '^3.0.1',
25 silly publish      'gulp-plumber': '^1.0.0',
25 silly publish      'gulp-nsp': '^2.1.0',
25 silly publish      'gulp-coveralls': '^0.1.0' },
25 silly publish   eslintConfig: { extends: 'xo-space', env: { mocha: true } },
25 silly publish   repository:
25 silly publish    { type: 'git',
25 silly publish      url: 'git+https://github.com/ndjathe-master/generator-ionic-1-ndjathe.git' },
25 silly publish   scripts: { prepublish: 'gulp prepublish', test: 'gulp' },
25 silly publish   private: false,
25 silly publish   readme: '# generator-ionic-1-ndjathe\r\nBeautifull Ionic sidemenu starter generator\r\n',
25 silly publish   readmeFilename: 'README.md',
25 silly publish   gitHead: '726cac40864f7570a44064be9f310a783bbd3f7a',
25 silly publish   bugs: { url: 'https://github.com/ndjathe-master/generator-ionic-1-ndjathe/issues' },
25 silly publish   _id: 'generator-ionic-1-ndjathe@1.0.0',
25 silly publish   _shasum: '878b9a153b1e7d9734639777f501694bd67d8654',
25 silly publish   _from: '.' }
26 verbose getPublishConfig undefined
27 silly mapToRegistry name generator-ionic-1-ndjathe
28 silly mapToRegistry using default registry
29 silly mapToRegistry registry https://registry.npmjs.org/
30 silly mapToRegistry data Result {
30 silly mapToRegistry   raw: 'generator-ionic-1-ndjathe',
30 silly mapToRegistry   scope: null,
30 silly mapToRegistry   escapedName: 'generator-ionic-1-ndjathe',
30 silly mapToRegistry   name: 'generator-ionic-1-ndjathe',
30 silly mapToRegistry   rawSpec: '',
30 silly mapToRegistry   spec: 'latest',
30 silly mapToRegistry   type: 'tag' }
31 silly mapToRegistry uri https://registry.npmjs.org/generator-ionic-1-ndjathe
32 verbose publish registryBase https://registry.npmjs.org/
33 silly publish uploading C:\Users\NDJATHE Franklin\AppData\Roaming\npm-cache\generator-ionic-1-ndjathe\1.0.0\package.tgz
34 verbose request uri https://registry.npmjs.org/generator-ionic-1-ndjathe
35 verbose request sending authorization for write operation
36 info attempt registry request try #1 at 20:50:17
37 verbose request using bearer token for auth
38 verbose request id 100543d0dde30992
39 http request PUT https://registry.npmjs.org/generator-ionic-1-ndjathe
40 http 403 https://registry.npmjs.org/generator-ionic-1-ndjathe
41 verbose headers { 'content-type': 'application/json',
41 verbose headers   'cache-control': 'max-age=300',
41 verbose headers   'content-length': '95',
41 verbose headers   'accept-ranges': 'bytes',
41 verbose headers   date: 'Sat, 25 Feb 2017 19:50:43 GMT',
41 verbose headers   via: '1.1 varnish',
41 verbose headers   connection: 'keep-alive',
41 verbose headers   'x-served-by': 'cache-ams4123-AMS',
41 verbose headers   'x-cache': 'MISS',
41 verbose headers   'x-cache-hits': '0',
41 verbose headers   'x-timer': 'S1488052221.767912,VS0,VE21593',
41 verbose headers   vary: 'Accept-Encoding' }
42 verbose request invalidating C:\Users\NDJATHE Franklin\AppData\Roaming\npm-cache\registry.npmjs.org\generator-ionic-1-ndjathe on PUT
43 error publish Failed PUT 403
44 verbose stack Error: "You cannot publish over the previously published version 1.0.0." : generator-ionic-1-ndjathe
44 verbose stack     at makeError (C:\Program Files\nodejs\node_modules\npm\node_modules\npm-registry-client\lib\request.js:302:12)
44 verbose stack     at CachingRegistryClient.<anonymous> (C:\Program Files\nodejs\node_modules\npm\node_modules\npm-registry-client\lib\request.js:290:14)
44 verbose stack     at Request._callback (C:\Program Files\nodejs\node_modules\npm\node_modules\npm-registry-client\lib\request.js:210:14)
44 verbose stack     at Request.self.callback (C:\Program Files\nodejs\node_modules\npm\node_modules\request\request.js:187:22)
44 verbose stack     at emitTwo (events.js:106:13)
44 verbose stack     at Request.emit (events.js:191:7)
44 verbose stack     at Request.<anonymous> (C:\Program Files\nodejs\node_modules\npm\node_modules\request\request.js:1048:10)
44 verbose stack     at emitOne (events.js:96:13)
44 verbose stack     at Request.emit (events.js:188:7)
44 verbose stack     at IncomingMessage.<anonymous> (C:\Program Files\nodejs\node_modules\npm\node_modules\request\request.js:969:12)
45 verbose statusCode 403
46 verbose pkgid generator-ionic-1-ndjathe
47 verbose cwd C:\generator-ionic-1-ndjathe
48 error Windows_NT 10.0.14393
49 error argv "C:\\Program Files\\nodejs\\node.exe" "C:\\Program Files\\nodejs\\node_modules\\npm\\bin\\npm-cli.js" "publish"
50 error node v6.9.5
51 error npm  v3.10.10
52 error code E403
53 error "You cannot publish over the previously published version 1.0.0." : generator-ionic-1-ndjathe
54 error If you need help, you may report this error at:
54 error     <https://github.com/npm/npm/issues>
55 verbose exit [ 1, true ]
